#
# There is insufficient memory for the Java Runtime Environment to continue.
# Native memory allocation (malloc) failed to allocate 444976 bytes for Chunk::new
# Possible reasons:
#   The system is out of physical RAM or swap space
#   The process is running with CompressedOops enabled, and the Java Heap may be blocking the growth of the native heap
# Possible solutions:
#   Reduce memory load on the system
#   Increase physical memory or swap space
#   Check if swap backing store is full
#   Decrease Java heap size (-Xmx/-Xms)
#   Decrease number of Java threads
#   Decrease Java thread stack sizes (-Xss)
#   Set larger code cache with -XX:ReservedCodeCacheSize=
#   JVM is running with Zero Based Compressed Oops mode in which the Java heap is
#     placed in the first 32GB address space. The Java Heap base address is the
#     maximum limit for the native heap growth. Please use -XX:HeapBaseMinAddress
#     to set the Java Heap base and to place the Java Heap above 32GB virtual address.
# This output file may be truncated or incomplete.
#
#  Out of Memory Error (allocation.cpp:389), pid=4132, tid=0x0000000000000a64
#
# JRE version: OpenJDK Runtime Environment (8.0_212-b04) (build 1.8.0_212-release-1586-b04)
# Java VM: OpenJDK 64-Bit Server VM (25.212-b04 mixed mode windows-amd64 compressed oops)
# Failed to write core dump. Minidumps are not enabled by default on client versions of Windows
#

---------------  T H R E A D  ---------------

Current thread (0x000000001994e000):  JavaThread "C2 CompilerThread0" daemon [_thread_in_native, id=2660, stack(0x000000001af90000,0x000000001b090000)]

Stack: [0x000000001af90000,0x000000001b090000]
[error occurred during error reporting (printing stack bounds), id 0xc0000005]

Native frames: (J=compiled Java code, j=interpreted, Vv=VM code, C=native code)


Current CompileTask:
C2:   8077 4345       4       org.jetbrains.org.objectweb.asm.ClassReader::readElementValue (1237 bytes)


---------------  P R O C E S S  ---------------

Java Threads: ( => current thread )
  0x000000001b2bc000 JavaThread "Service Thread" daemon [_thread_blocked, id=1632, stack(0x000000001b690000,0x000000001b790000)]
  0x0000000019946000 JavaThread "C1 CompilerThread2" daemon [_thread_blocked, id=13236, stack(0x000000001b190000,0x000000001b290000)]
  0x000000001993e800 JavaThread "C2 CompilerThread1" daemon [_thread_in_native, id=13768, stack(0x000000001b090000,0x000000001b190000)]
=>0x000000001994e000 JavaThread "C2 CompilerThread0" daemon [_thread_in_native, id=2660, stack(0x000000001af90000,0x000000001b090000)]
  0x000000001994d000 JavaThread "Attach Listener" daemon [_thread_blocked, id=4060, stack(0x000000001ae90000,0x000000001af90000)]
  0x000000001994a000 JavaThread "Signal Dispatcher" daemon [_thread_blocked, id=12796, stack(0x000000001ad90000,0x000000001ae90000)]
  0x000000001992c800 JavaThread "Finalizer" daemon [_thread_blocked, id=11912, stack(0x000000001ab90000,0x000000001ac90000)]
  0x0000000019929800 JavaThread "Reference Handler" daemon [_thread_blocked, id=6160, stack(0x000000001aa90000,0x000000001ab90000)]
  0x00000000027b5800 JavaThread "main" [_thread_in_Java, id=4056, stack(0x00000000026b0000,0x00000000027b0000)]

Other Threads:
  0x0000000019906800 VMThread [stack: 0x000000001a990000,0x000000001aa90000] [id=14236]
  0x000000001b2c4800 WatcherThread [stack: 0x000000001b790000,0x000000001b890000] [id=11496]

VM state:not at safepoint (normal execution)

VM Mutex/Monitor currently owned by a thread: None

heap address: 0x0000000701a00000, size: 3046 MB, Compressed Oops mode: Zero based, Oop shift amount: 3
Narrow klass base: 0x0000000000000000, Narrow klass shift: 3
Compressed class space size: 1073741824 Address: 0x00000007c0000000

Heap:
 PSYoungGen      total 73728K, used 39219K [0x0000000780900000, 0x0000000787980000, 0x00000007c0000000)
  eden space 65536K, 47% used [0x0000000780900000,0x0000000782752f20,0x0000000784900000)
  from space 8192K, 99% used [0x0000000784900000,0x00000007850f9d80,0x0000000785100000)
  to   space 15360K, 0% used [0x0000000786a80000,0x0000000786a80000,0x0000000787980000)
 ParOldGen       total 97280K, used 26377K [0x0000000701a00000, 0x0000000707900000, 0x0000000780900000)
  object space 97280K, 27% used [0x0000000701a00000,0x00000007033c2480,0x0000000707900000)
 Metaspace       used 41311K, capacity 41950K, committed 42240K, reserved 1085440K
  class space    used 5134K, capacity 5304K, committed 5376K, reserved 1048576K

Card table byte_map: [0x0000000011c70000,0x0000000012270000] byte_map_base: 0x000000000e463000

Marking Bits: (ParMarkBitMap*) 0x0000000059639f30
 Begin Bits: [0x0000000012a70000, 0x0000000015a08000)
 End Bits:   [0x0000000015a08000, 0x00000000189a0000)

Polling page: 0x00000000005f0000

CodeCache: size=245760Kb used=14238Kb max_used=14238Kb free=231521Kb
 bounds [0x00000000028b0000, 0x00000000036b0000, 0x00000000118b0000]
 total_blobs=4791 nmethods=4335 adapters=369
 compilation: enabled

Compilation events (10 events):
Event: 8.055 Thread 0x0000000019946000 nmethod 4409 0x000000000369d590 code [0x000000000369d740, 0x000000000369e048]
Event: 8.055 Thread 0x0000000019946000 4410       1       org.jetbrains.kotlin.util.slicedMap.BasicWritableSlice::getRewritePolicy (5 bytes)
Event: 8.055 Thread 0x0000000019946000 nmethod 4410 0x000000000369e290 code [0x000000000369e3e0, 0x000000000369e4f0]
Event: 8.055 Thread 0x0000000019946000 4411       1       org.jetbrains.kotlin.util.slicedMap.BasicWritableSlice::isCollective (5 bytes)
Event: 8.056 Thread 0x0000000019946000 nmethod 4411 0x000000000369e550 code [0x000000000369e6a0, 0x000000000369e7b0]
Event: 8.056 Thread 0x0000000019946000 4412       3       org.jetbrains.kotlin.util.slicedMap.SlicedMapImpl::get (68 bytes)
Event: 8.057 Thread 0x0000000019946000 nmethod 4412 0x000000000369e810 code [0x000000000369e9e0, 0x000000000369f2a8]
Event: 8.057 Thread 0x0000000019946000 4413       3       org.jetbrains.kotlin.util.slicedMap.BasicWritableSlice::computeValue (25 bytes)
Event: 8.057 Thread 0x0000000019946000 nmethod 4413 0x000000000369f550 code [0x000000000369f6a0, 0x000000000369f830]
Event: 8.076 Thread 0x0000000019946000 4414       3       org.jetbrains.kotlin.config.LanguageVersionSettingsImpl::getFeatureSupport (85 bytes)

GC Heap History (10 events):
Event: 2.302 GC heap before
{Heap before GC invocations=3 (full 1):
 PSYoungGen      total 57344K, used 8189K [0x0000000780900000, 0x0000000787900000, 0x00000007c0000000)
  eden space 49152K, 0% used [0x0000000780900000,0x0000000780900000,0x0000000783900000)
  from space 8192K, 99% used [0x0000000784100000,0x00000007848ff570,0x0000000784900000)
  to   space 8192K, 0% used [0x0000000783900000,0x0000000783900000,0x0000000784100000)
 ParOldGen       total 131072K, used 7162K [0x0000000701a00000, 0x0000000709a00000, 0x0000000780900000)
  object space 131072K, 5% used [0x0000000701a00000,0x00000007020fe860,0x0000000709a00000)
 Metaspace       used 20781K, capacity 21146K, committed 21296K, reserved 1069056K
  class space    used 2480K, capacity 2629K, committed 2688K, reserved 1048576K
Event: 2.357 GC heap after
Heap after GC invocations=3 (full 1):
 PSYoungGen      total 57344K, used 0K [0x0000000780900000, 0x0000000787900000, 0x00000007c0000000)
  eden space 49152K, 0% used [0x0000000780900000,0x0000000780900000,0x0000000783900000)
  from space 8192K, 0% used [0x0000000784100000,0x0000000784100000,0x0000000784900000)
  to   space 8192K, 0% used [0x0000000783900000,0x0000000783900000,0x0000000784100000)
 ParOldGen       total 97280K, used 11486K [0x0000000701a00000, 0x0000000707900000, 0x0000000780900000)
  object space 97280K, 11% used [0x0000000701a00000,0x0000000702537a20,0x0000000707900000)
 Metaspace       used 20781K, capacity 21146K, committed 21296K, reserved 1069056K
  class space    used 2480K, capacity 2629K, committed 2688K, reserved 1048576K
}
Event: 3.634 GC heap before
{Heap before GC invocations=4 (full 1):
 PSYoungGen      total 57344K, used 49152K [0x0000000780900000, 0x0000000787900000, 0x00000007c0000000)
  eden space 49152K, 100% used [0x0000000780900000,0x0000000783900000,0x0000000783900000)
  from space 8192K, 0% used [0x0000000784100000,0x0000000784100000,0x0000000784900000)
  to   space 8192K, 0% used [0x0000000783900000,0x0000000783900000,0x0000000784100000)
 ParOldGen       total 97280K, used 11486K [0x0000000701a00000, 0x0000000707900000, 0x0000000780900000)
  object space 97280K, 11% used [0x0000000701a00000,0x0000000702537a20,0x0000000707900000)
 Metaspace       used 26863K, capacity 27362K, committed 27520K, reserved 1073152K
  class space    used 3243K, capacity 3381K, committed 3456K, reserved 1048576K
Event: 3.649 GC heap after
Heap after GC invocations=4 (full 1):
 PSYoungGen      total 57344K, used 8190K [0x0000000780900000, 0x0000000785900000, 0x00000007c0000000)
  eden space 49152K, 0% used [0x0000000780900000,0x0000000780900000,0x0000000783900000)
  from space 8192K, 99% used [0x0000000783900000,0x00000007840ffb38,0x0000000784100000)
  to   space 8192K, 0% used [0x0000000785100000,0x0000000785100000,0x0000000785900000)
 ParOldGen       total 97280K, used 15439K [0x0000000701a00000, 0x0000000707900000, 0x0000000780900000)
  object space 97280K, 15% used [0x0000000701a00000,0x0000000702913fd8,0x0000000707900000)
 Metaspace       used 26863K, capacity 27362K, committed 27520K, reserved 1073152K
  class space    used 3243K, capacity 3381K, committed 3456K, reserved 1048576K
}
Event: 4.769 GC heap before
{Heap before GC invocations=5 (full 1):
 PSYoungGen      total 57344K, used 51604K [0x0000000780900000, 0x0000000785900000, 0x00000007c0000000)
  eden space 49152K, 88% used [0x0000000780900000,0x0000000783365770,0x0000000783900000)
  from space 8192K, 99% used [0x0000000783900000,0x00000007840ffb38,0x0000000784100000)
  to   space 8192K, 0% used [0x0000000785100000,0x0000000785100000,0x0000000785900000)
 ParOldGen       total 97280K, used 15439K [0x0000000701a00000, 0x0000000707900000, 0x0000000780900000)
  object space 97280K, 15% used [0x0000000701a00000,0x0000000702913fd8,0x0000000707900000)
 Metaspace       used 34743K, capacity 35298K, committed 35456K, reserved 1079296K
  class space    used 4508K, capacity 4689K, committed 4736K, reserved 1048576K
Event: 4.789 GC heap after
Heap after GC invocations=5 (full 1):
 PSYoungGen      total 73728K, used 8171K [0x0000000780900000, 0x0000000785a80000, 0x00000007c0000000)
  eden space 65536K, 0% used [0x0000000780900000,0x0000000780900000,0x0000000784900000)
  from space 8192K, 99% used [0x0000000785100000,0x00000007858fadd8,0x0000000785900000)
  to   space 8192K, 0% used [0x0000000784900000,0x0000000784900000,0x0000000785100000)
 ParOldGen       total 97280K, used 23578K [0x0000000701a00000, 0x0000000707900000, 0x0000000780900000)
  object space 97280K, 24% used [0x0000000701a00000,0x0000000703106ae0,0x0000000707900000)
 Metaspace       used 34743K, capacity 35298K, committed 35456K, reserved 1079296K
  class space    used 4508K, capacity 4689K, committed 4736K, reserved 1048576K
}
Event: 4.789 GC heap before
{Heap before GC invocations=6 (full 2):
 PSYoungGen      total 73728K, used 8171K [0x0000000780900000, 0x0000000785a80000, 0x00000007c0000000)
  eden space 65536K, 0% used [0x0000000780900000,0x0000000780900000,0x0000000784900000)
  from space 8192K, 99% used [0x0000000785100000,0x00000007858fadd8,0x0000000785900000)
  to   space 8192K, 0% used [0x0000000784900000,0x0000000784900000,0x0000000785100000)
 ParOldGen       total 97280K, used 23578K [0x0000000701a00000, 0x0000000707900000, 0x0000000780900000)
  object space 97280K, 24% used [0x0000000701a00000,0x0000000703106ae0,0x0000000707900000)
 Metaspace       used 34743K, capacity 35298K, committed 35456K, reserved 1079296K
  class space    used 4508K, capacity 4689K, committed 4736K, reserved 1048576K
Event: 4.890 GC heap after
Heap after GC invocations=6 (full 2):
 PSYoungGen      total 73728K, used 0K [0x0000000780900000, 0x0000000785a80000, 0x00000007c0000000)
  eden space 65536K, 0% used [0x0000000780900000,0x0000000780900000,0x0000000784900000)
  from space 8192K, 0% used [0x0000000785100000,0x0000000785100000,0x0000000785900000)
  to   space 8192K, 0% used [0x0000000784900000,0x0000000784900000,0x0000000785100000)
 ParOldGen       total 97280K, used 21431K [0x0000000701a00000, 0x0000000707900000, 0x0000000780900000)
  object space 97280K, 22% used [0x0000000701a00000,0x0000000702eedcb8,0x0000000707900000)
 Metaspace       used 34743K, capacity 35298K, committed 35456K, reserved 1079296K
  class space    used 4508K, capacity 4689K, committed 4736K, reserved 1048576K
}
Event: 7.149 GC heap before
{Heap before GC invocations=7 (full 2):
 PSYoungGen      total 73728K, used 65536K [0x0000000780900000, 0x0000000785a80000, 0x00000007c0000000)
  eden space 65536K, 100% used [0x0000000780900000,0x0000000784900000,0x0000000784900000)
  from space 8192K, 0% used [0x0000000785100000,0x0000000785100000,0x0000000785900000)
  to   space 8192K, 0% used [0x0000000784900000,0x0000000784900000,0x0000000785100000)
 ParOldGen       total 97280K, used 21431K [0x0000000701a00000, 0x0000000707900000, 0x0000000780900000)
  object space 97280K, 22% used [0x0000000701a00000,0x0000000702eedcb8,0x0000000707900000)
 Metaspace       used 39062K, capacity 39612K, committed 39936K, reserved 1083392K
  class space    used 4869K, capacity 5031K, committed 5120K, reserved 1048576K
Event: 7.177 GC heap after
Heap after GC invocations=7 (full 2):
 PSYoungGen      total 73728K, used 8167K [0x0000000780900000, 0x0000000787980000, 0x00000007c0000000)
  eden space 65536K, 0% used [0x0000000780900000,0x0000000780900000,0x0000000784900000)
  from space 8192K, 99% used [0x0000000784900000,0x00000007850f9d80,0x0000000785100000)
  to   space 15360K, 0% used [0x0000000786a80000,0x0000000786a80000,0x0000000787980000)
 ParOldGen       total 97280K, used 26377K [0x0000000701a00000, 0x0000000707900000, 0x0000000780900000)
  object space 97280K, 27% used [0x0000000701a00000,0x00000007033c2480,0x0000000707900000)
 Metaspace       used 39062K, capacity 39612K, committed 39936K, reserved 1083392K
  class space    used 4869K, capacity 5031K, committed 5120K, reserved 1048576K
}

Deoptimization events (10 events):
Event: 7.853 Thread 0x00000000027b5800 Uncommon trap: reason=class_check action=maybe_recompile pc=0x00000000035f7c00 method=org.jetbrains.kotlin.com.intellij.openapi.util.io.FileUtilRt.getNameWithoutExtension(Ljava/lang/CharSequence;)Ljava/lang/CharSequence; @ 14
Event: 7.853 Thread 0x00000000027b5800 Uncommon trap: reason=class_check action=maybe_recompile pc=0x00000000030b81f4 method=org.jetbrains.kotlin.com.intellij.openapi.util.text.StringUtilRt.lastIndexOf(Ljava/lang/CharSequence;CII)I @ 17
Event: 7.854 Thread 0x00000000027b5800 Uncommon trap: reason=class_check action=maybe_recompile pc=0x0000000003521548 method=org.jetbrains.kotlin.com.intellij.openapi.util.io.FileUtilRt.getExtension(Ljava/lang/CharSequence;Ljava/lang/String;)Ljava/lang/CharSequence; @ 14
Event: 7.854 Thread 0x00000000027b5800 Uncommon trap: reason=class_check action=maybe_recompile pc=0x0000000003521548 method=org.jetbrains.kotlin.com.intellij.openapi.util.io.FileUtilRt.getExtension(Ljava/lang/CharSequence;Ljava/lang/String;)Ljava/lang/CharSequence; @ 14
Event: 7.854 Thread 0x00000000027b5800 Uncommon trap: reason=class_check action=maybe_recompile pc=0x00000000035f7c00 method=org.jetbrains.kotlin.com.intellij.openapi.util.io.FileUtilRt.getNameWithoutExtension(Ljava/lang/CharSequence;)Ljava/lang/CharSequence; @ 14
Event: 7.995 Thread 0x00000000027b5800 Uncommon trap: reason=unstable_if action=reinterpret pc=0x0000000002e3f8ac method=org.jetbrains.kotlin.protobuf.CodedInputStream.readRawVarint32()I @ 69
Event: 7.995 Thread 0x00000000027b5800 Uncommon trap: reason=unstable_if action=reinterpret pc=0x0000000002f80748 method=org.jetbrains.kotlin.protobuf.CodedOutputStream.computeRawVarint32Size(I)I @ 14
Event: 8.066 Thread 0x00000000027b5800 Uncommon trap: reason=bimorphic action=maybe_recompile pc=0x00000000034dde80 method=org.jetbrains.kotlin.types.AbstractClassTypeConstructor.hashCode()I @ 12
Event: 8.066 Thread 0x00000000027b5800 Uncommon trap: reason=bimorphic action=maybe_recompile pc=0x000000000353371c method=org.jetbrains.kotlin.resolve.DescriptorUtils.getFqNameSafeIfPossible(Lorg/jetbrains/kotlin/descriptors/DeclarationDescriptor;)Lorg/jetbrains/kotlin/name/FqName; @ 54
Event: 8.066 Thread 0x00000000027b5800 Uncommon trap: reason=bimorphic action=maybe_recompile pc=0x00000000033f1de0 method=kotlin.collections.CollectionsKt___CollectionsKt.toList(Ljava/lang/Iterable;)Ljava/util/List; @ 71

Classes redefined (0 events):
No events

Internal exceptions (10 events):
Event: 3.521 Thread 0x00000000027b5800 Exception <a 'java/lang/ArrayIndexOutOfBoundsException'> (0x00000007834030e0) thrown at [D:\src\AOSP-openjdk-cygwin\jdk8u\hotspot\src\share\vm\runtime\sharedRuntime.cpp, line 605]
Event: 3.522 Thread 0x00000000027b5800 Exception <a 'java/lang/ArrayIndexOutOfBoundsException'> (0x0000000783407f30) thrown at [D:\src\AOSP-openjdk-cygwin\jdk8u\hotspot\src\share\vm\runtime\sharedRuntime.cpp, line 605]
Event: 3.522 Thread 0x00000000027b5800 Exception <a 'java/lang/ArrayIndexOutOfBoundsException'> (0x00000007834092f8) thrown at [D:\src\AOSP-openjdk-cygwin\jdk8u\hotspot\src\share\vm\runtime\sharedRuntime.cpp, line 605]
Event: 3.524 Thread 0x00000000027b5800 Exception <a 'java/lang/ArrayIndexOutOfBoundsException'> (0x000000078340a2a0) thrown at [D:\src\AOSP-openjdk-cygwin\jdk8u\hotspot\src\share\vm\runtime\sharedRuntime.cpp, line 605]
Event: 3.530 Thread 0x00000000027b5800 Exception <a 'java/lang/ArrayIndexOutOfBoundsException'> (0x00000007834251c0) thrown at [D:\src\AOSP-openjdk-cygwin\jdk8u\hotspot\src\share\vm\runtime\sharedRuntime.cpp, line 605]
Event: 3.530 Thread 0x00000000027b5800 Exception <a 'java/lang/ArrayIndexOutOfBoundsException'> (0x0000000783426800) thrown at [D:\src\AOSP-openjdk-cygwin\jdk8u\hotspot\src\share\vm\runtime\sharedRuntime.cpp, line 605]
Event: 4.480 Thread 0x00000000027b5800 Exception <a 'java/lang/NoSuchMethodError': java.lang.Object.lambda$static$0(I)[Lorg/jetbrains/kotlin/psi/KtExpression;> (0x0000000782905b30) thrown at [D:\src\AOSP-openjdk-cygwin\jdk8u\hotspot\src\share\vm\interpreter\linkResolver.cpp, line 620]
Event: 4.542 Thread 0x00000000027b5800 Exception <a 'java/lang/NoSuchMethodError': java.lang.Object.lambda$static$0(I)[Lorg/jetbrains/kotlin/psi/KtDeclaration;> (0x0000000782bc2bf0) thrown at [D:\src\AOSP-openjdk-cygwin\jdk8u\hotspot\src\share\vm\interpreter\linkResolver.cpp, line 620]
Event: 4.582 Thread 0x00000000027b5800 Exception <a 'java/lang/NoSuchMethodError': java.lang.Object.lambda$static$0(I)[Lorg/jetbrains/kotlin/psi/KtTypeElement;> (0x0000000782d02ee8) thrown at [D:\src\AOSP-openjdk-cygwin\jdk8u\hotspot\src\share\vm\interpreter\linkResolver.cpp, line 620]
Event: 5.790 Thread 0x00000000027b5800 Exception <a 'java/lang/NoSuchMethodError': java.lang.Object.lambda$static$0(I)[Lorg/jetbrains/kotlin/com/intellij/psi/PsiClass;> (0x0000000782feac90) thrown at [D:\src\AOSP-openjdk-cygwin\jdk8u\hotspot\src\share\vm\interpreter\linkResolver.cpp, line 620]

Events (10 events):
Event: 8.066 Thread 0x00000000027b5800 DEOPT PACKING pc=0x00000000033f1de0 sp=0x00000000027abdd0
Event: 8.066 Thread 0x00000000027b5800 DEOPT UNPACKING pc=0x00000000028f557b sp=0x00000000027abda8 mode 2
Event: 8.067 loading class org/jetbrains/kotlin/resolve/calls/smartcasts/IdentifierInfo$PackageOrClass
Event: 8.067 loading class org/jetbrains/kotlin/resolve/calls/smartcasts/IdentifierInfo$PackageOrClass done
Event: 8.073 loading class org/jetbrains/kotlin/resolve/calls/checkers/CoroutineCallCheckerKt
Event: 8.073 loading class org/jetbrains/kotlin/resolve/calls/checkers/CoroutineCallCheckerKt done
Event: 8.075 loading class org/jetbrains/kotlin/resolve/constants/IntegerValueTypeConstant
Event: 8.075 loading class org/jetbrains/kotlin/resolve/constants/IntegerValueTypeConstant done
Event: 8.075 loading class org/jetbrains/kotlin/resolve/scopes/receivers/ExtensionReceiver
Event: 8.075 loading class org/jetbrains/kotlin/resolve/scopes/receivers/ExtensionReceiver done


Dynamic libraries:
0x00007ff6a2e10000 - 0x00007ff6a2e41000 	C:\Program Files\Android\Android Studio\jre\jre\bin\java.exe
0x00007ff89c980000 - 0x00007ff89cb70000 	C:\WINDOWS\SYSTEM32\ntdll.dll
0x00007ff89c0b0000 - 0x00007ff89c162000 	C:\WINDOWS\System32\KERNEL32.DLL
0x00007ff89a6d0000 - 0x00007ff89a973000 	C:\WINDOWS\System32\KERNELBASE.dll
0x00007ff89c1e0000 - 0x00007ff89c283000 	C:\WINDOWS\System32\ADVAPI32.dll
0x00007ff89c870000 - 0x00007ff89c90e000 	C:\WINDOWS\System32\msvcrt.dll
0x00007ff89c290000 - 0x00007ff89c327000 	C:\WINDOWS\System32\sechost.dll
0x00007ff89c750000 - 0x00007ff89c870000 	C:\WINDOWS\System32\RPCRT4.dll
0x00007ff89aa30000 - 0x00007ff89abc4000 	C:\WINDOWS\System32\USER32.dll
0x00007ff899c10000 - 0x00007ff899c31000 	C:\WINDOWS\System32\win32u.dll
0x00007ff89bc40000 - 0x00007ff89bc66000 	C:\WINDOWS\System32\GDI32.dll
0x00007ff899d40000 - 0x00007ff899ed4000 	C:\WINDOWS\System32\gdi32full.dll
0x00007ff899a60000 - 0x00007ff899afe000 	C:\WINDOWS\System32\msvcp_win.dll
0x00007ff899c40000 - 0x00007ff899d3a000 	C:\WINDOWS\System32\ucrtbase.dll
0x00007ff885b20000 - 0x00007ff885da5000 	C:\WINDOWS\WinSxS\amd64_microsoft.windows.common-controls_6595b64144ccf1df_6.0.18362.720_none_e6beb5c51314836b\COMCTL32.dll
0x00007ff89bd70000 - 0x00007ff89c0a6000 	C:\WINDOWS\System32\combase.dll
0x00007ff899b00000 - 0x00007ff899b80000 	C:\WINDOWS\System32\bcryptPrimitives.dll
0x00007ff89bd40000 - 0x00007ff89bd6e000 	C:\WINDOWS\System32\IMM32.DLL
0x00000000597b0000 - 0x0000000059882000 	C:\Program Files\Android\Android Studio\jre\jre\bin\msvcr100.dll
0x0000000058e70000 - 0x00000000596b6000 	C:\Program Files\Android\Android Studio\jre\jre\bin\server\jvm.dll
0x00007ff89c910000 - 0x00007ff89c918000 	C:\WINDOWS\System32\PSAPI.DLL
0x00007ff897780000 - 0x00007ff8977a4000 	C:\WINDOWS\SYSTEM32\WINMM.dll
0x00007ff884b00000 - 0x00007ff884b0a000 	C:\WINDOWS\SYSTEM32\VERSION.dll
0x00007ff88ec60000 - 0x00007ff88ec69000 	C:\WINDOWS\SYSTEM32\WSOCK32.dll
0x00007ff8976c0000 - 0x00007ff8976ed000 	C:\WINDOWS\SYSTEM32\WINMMBASE.dll
0x00007ff89c170000 - 0x00007ff89c1df000 	C:\WINDOWS\System32\WS2_32.dll
0x00007ff899f00000 - 0x00007ff899f4a000 	C:\WINDOWS\System32\cfgmgr32.dll
0x00007ff897800000 - 0x00007ff89780f000 	C:\Program Files\Android\Android Studio\jre\jre\bin\verify.dll
0x00007ff88a240000 - 0x00007ff88a269000 	C:\Program Files\Android\Android Studio\jre\jre\bin\java.dll
0x00007ff8907d0000 - 0x00007ff8907e6000 	C:\Program Files\Android\Android Studio\jre\jre\bin\zip.dll
0x00007ff89adf0000 - 0x00007ff89b4d5000 	C:\WINDOWS\System32\SHELL32.dll
0x00007ff89abd0000 - 0x00007ff89ac79000 	C:\WINDOWS\System32\shcore.dll
0x00007ff899f50000 - 0x00007ff89a6d0000 	C:\WINDOWS\System32\windows.storage.dll
0x00007ff8998e0000 - 0x00007ff899903000 	C:\WINDOWS\System32\profapi.dll
0x00007ff899890000 - 0x00007ff8998da000 	C:\WINDOWS\System32\powrprof.dll
0x00007ff899840000 - 0x00007ff899850000 	C:\WINDOWS\System32\UMPDC.dll
0x00007ff89c330000 - 0x00007ff89c382000 	C:\WINDOWS\System32\shlwapi.dll
0x00007ff899870000 - 0x00007ff899881000 	C:\WINDOWS\System32\kernel.appcore.dll
0x00007ff899ee0000 - 0x00007ff899ef7000 	C:\WINDOWS\System32\cryptsp.dll
0x00007ff88a2f0000 - 0x00007ff88a30a000 	C:\Program Files\Android\Android Studio\jre\jre\bin\net.dll
0x00007ff888cb0000 - 0x00007ff888e85000 	C:\WINDOWS\SYSTEM32\urlmon.dll
0x00007ff888fb0000 - 0x00007ff889256000 	C:\WINDOWS\SYSTEM32\iertutil.dll
0x00007ff899220000 - 0x00007ff89922c000 	C:\WINDOWS\SYSTEM32\CRYPTBASE.DLL
0x00007ff899050000 - 0x00007ff8990b7000 	C:\WINDOWS\system32\mswsock.dll
0x00007ff88a090000 - 0x00007ff88a0a3000 	C:\Program Files\Android\Android Studio\jre\jre\bin\nio.dll

VM Arguments:
java_command: org.jetbrains.kotlin.cli.jvm.K2JVMCompiler -Xallow-no-source-files -classpath C:\Users\jesus\AndroidStudioProjects\CS4153PizzaApp\app\build\intermediates\compile_and_runtime_not_namespaced_r_class_jar\debug\R.jar;C:\Users\jesus\.gradle\caches\transforms-2\files-2.1\9d0a2dc73002aa300a31da6fc808d568\jetified-kotlin-android-extensions-runtime-1.3.50.jar;C:\Users\jesus\.gradle\caches\transforms-2\files-2.1\898ac46d980207333aa94a29735fb05e\jetified-kotlin-stdlib-jdk7-1.3.50.jar;C:\Users\jesus\.gradle\caches\transforms-2\files-2.1\d1f0b01fa494d9f0b00ac929eea79c4d\jetified-core-ktx-1.0.2-api.jar;C:\Users\jesus\.gradle\caches\transforms-2\files-2.1\07175db9da63e58e0721a110f47cab35\jetified-kotlin-stdlib-1.3.50.jar;C:\Users\jesus\.gradle\caches\transforms-2\files-2.1\68ca3631883c233f37bdb7d1f0a9810c\jetified-kotlin-stdlib-common-1.3.50.jar;C:\Users\jesus\.gradle\caches\transforms-2\files-2.1\318c575c2639b7555b046cd4daf9145a\jetified-annotations-13.0.jar;C:\Users\jesus\.gradle\caches\transforms-2\files-2.1\708939e74b0aecb67ed6f2d36fc37659\appcompat-1.0.2-api.jar;C:\Users\jesus\.gradle\caches\transforms-2\files-2.1\30346411ade242b1c736e32299ab5686\fragment-1.0.0-api.jar;C:\Users\jesus\.gradle\caches\transforms-2\files-2.1\9ec17e9761a2bbdbdfa078f7829ededb\vectordrawable-animated-1.0.0-api.jar;C:\Users\jesus\.gradle\caches\transforms-2\files-2.1\8ea1783b7a2c684377895a3732fbacf8\legacy-support-core-ui-1.0.0-api.jar;C:\Users\jesus\.gradle\caches\transforms-2\files-2.1\ea50c0fdf74f1123953ee0b0bfd8f804\legacy-support-core-utils-1.0.0-api.jar;C:\Users\jesus\.gradle\caches\transforms-2\files-2.1\6d4bf877b1d61b15135e825985def219\vectordrawable-1.0.1-api.jar;C:\Users\jesus\.gradle\caches\transforms-2\files-2.1\25561e0a846e1b2e80f3e72bd76d0e12\loader-1.0.0-api.jar;C:\Users\jesus\.gradle\caches\transforms-2\files-2.1\52760d6cf106f9f0340955abc5c1cff7\viewpager-1.0.0-api.jar;C:\Users\jesus\.gradle\caches\transforms-2\files-2.1\21095a6347d7fe92834cf261d851857b\coordinatorlayo
java_class_path (initial): C:\Users\jesus\.gradle\caches\modules-2\files-2.1\org.jetbrains.kotlin\kotlin-compiler-embeddable\1.3.50\1251c1768e5769b06c2487d6f6cf8acf6efb8960\kotlin-compiler-embeddable-1.3.50.jar;C:\Users\jesus\.gradle\caches\modules-2\files-2.1\org.jetbrains.kotlin\kotlin-reflect\1.3.50\b499f22fd7c3e9c2e5b6c4005221fa47fc7f9a7a\kotlin-reflect-1.3.50.jar;C:\Users\jesus\.gradle\caches\modules-2\files-2.1\org.jetbrains.kotlin\kotlin-stdlib\1.3.50\b529d1738c7e98bbfa36a4134039528f2ce78ebf\kotlin-stdlib-1.3.50.jar;C:\Users\jesus\.gradle\caches\modules-2\files-2.1\org.jetbrains.kotlin\kotlin-script-runtime\1.3.50\59492b8dfb92522ba0ddb5dd1c4d0ef0a4fca1af\kotlin-script-runtime-1.3.50.jar;C:\Users\jesus\.gradle\caches\modules-2\files-2.1\org.jetbrains.kotlin\kotlin-daemon-embeddable\1.3.50\5cb93bb33f4c6f833ead0beca4c831668e00cf52\kotlin-daemon-embeddable-1.3.50.jar;C:\Users\jesus\.gradle\caches\modules-2\files-2.1\org.jetbrains.intellij.deps\trove4j\1.0.20181211\216c2e14b070f334479d800987affe4054cd563f\trove4j-1.0.20181211.jar;C:\Users\jesus\.gradle\caches\modules-2\files-2.1\org.jetbrains.kotlin\kotlin-stdlib-common\1.3.50\3d9cd3e1bc7b92e95f43d45be3bfbcf38e36ab87\kotlin-stdlib-common-1.3.50.jar;C:\Users\jesus\.gradle\caches\modules-2\files-2.1\org.jetbrains\annotations\13.0\919f0dfe192fb4e063e7dacadee7f8bb9a2672a9\annotations-13.0.jar;C:\Program Files\Android\Android Studio\jre\lib\tools.jar
Launcher Type: SUN_STANDARD

Environment Variables:
PATH=C:\Program Files (x86)\Common Files\Oracle\Java\javapath;C:\Program Files (x86)\Intel\iCLS Client\;C:\Program Files (x86)\NVIDIA Corporation\PhysX\Common;C:\ProgramData\Oracle\Java\javapath;C:\Program Files\Intel\iCLS Client\;C:\WINDOWS\system32;C:\WINDOWS;C:\WINDOWS\System32\Wbem;C:\WINDOWS\System32\WindowsPowerShell\v1.0\;C:\Program Files\Microsoft SQL Server\Client SDK\ODBC\110\Tools\Binn\;C:\Program Files (x86)\Microsoft SQL Server\120\Tools\Binn\;C:\Program Files\Microsoft SQL Server\120\Tools\Binn\;C:\Program Files\Microsoft SQL Server\120\DTS\Binn\;C:\Program Files (x86)\Windows Kits\8.1\Windows Performance Toolkit\;C:\Program Files\MATLAB\R2017a\runtime\win64;C:\Program Files\MATLAB\R2017a\bin;C:\Program Files\PuTTY\;C:\Program Files (x86)\Intel\Intel(R) Management Engine Components\DAL;C:\Program Files\Intel\Intel(R) Management Engine Components\DAL;C:\Program Files (x86)\Intel\Intel(R) Management Engine Components\IPT;C:\Program Files\Intel\Intel(R) Management Engine Components\IPT;C:\WINDOWS\System32\OpenSSH\;C:\Program Files\Intel\WiFi\bin\;C:\Program Files\Common Files\Intel\WirelessCommon\;C:\Program Files\Git\cmd;C:\Users\jesus\AppData\Local\Microsoft\WindowsApps;
USERNAME=jesus
OS=Windows_NT
PROCESSOR_IDENTIFIER=Intel64 Family 6 Model 78 Stepping 3, GenuineIntel



---------------  S Y S T E M  ---------------

OS: Windows 10.0 , 64 bit Build 18362 (10.0.18362.329)

CPU:total 4 (initial active 4) (2 cores per cpu, 2 threads per core) family 6 model 78 stepping 3, cmov, cx8, fxsr, mmx, sse, sse2, sse3, ssse3, sse4.1, sse4.2, popcnt, avx, avx2, aes, clmul, erms, 3dnowpref, lzcnt, ht, tsc, tscinvbit, bmi1, bmi2, adx

Memory: 4k page, physical 12468640k(1182824k free), swap 12468640k(5136k free)

vm_info: OpenJDK 64-Bit Server VM (25.212-b04) for windows-amd64 JRE (1.8.0_212-release-1586-b04), built by "builder" with MS VC++ 10.0 (VS2010)

time: Thu Apr 09 21:25:27 2020
timezone: Central Daylight Time
elapsed time: 8 seconds (0d 0h 0m 8s)

